<?xml version="1.0" encoding="UTF-8"?>
<!-- Generated by org.testng.reporters.JUnitReportReporter -->
<testsuite hostname="MacKavitha.attlocal.net" failures="0" tests="1" name="androidMobiletest.TestCalculator" time="3.221" errors="0" timestamp="2024-07-08T21:54:46 PDT" skipped="0">
  <testcase classname="androidMobiletest.TestCalculator" name="testAddition" time="3.221"/>
  <system-out/>
</testsuite> <!-- androidMobiletest.TestCalculator -->
